<?xml version="1.0" encoding="UTF-8"?>
<!-- Generated by org.testng.reporters.JUnitXMLReporter -->
<testsuite hostname="ali-4c32758b203f.local" tests="3" failures="0" timestamp="14 Apr 2017 06:12:20 GMT" time="0.138" errors="0">
  <testcase name="@BeforeTest setup" time="0.0" classname="LoginTest">
    <failure type="org.testng.TestNGException" message="
Parameter &amp;apos;driverName&amp;apos; is required by @Configuration on method setup but has not been marked @Optional or defined
in /private/var/folders/3j/tx1gbkcd0g93_mx32_qj2r4h0000gn/T/testng-eclipse--861470526/testng-customsuite.xml">
      <![CDATA[org.testng.TestNGException: 
Parameter 'driverName' is required by @Configuration on method setup but has not been marked @Optional or defined
in /private/var/folders/3j/tx1gbkcd0g93_mx32_qj2r4h0000gn/T/testng-eclipse--861470526/testng-customsuite.xml
	at org.testng.internal.Parameters.createParameters(Parameters.java:154)
	at org.testng.internal.Parameters.createParameters(Parameters.java:361)
	at org.testng.internal.Parameters.createConfigurationParameters(Parameters.java:84)
	at org.testng.internal.Invoker.invokeConfigurations(Invoker.java:197)
	at org.testng.internal.Invoker.invokeConfigurations(Invoker.java:138)
	at org.testng.TestRunner.beforeRun(TestRunner.java:647)
	at org.testng.TestRunner.run(TestRunner.java:615)
	at org.testng.SuiteRunner.runTest(SuiteRunner.java:357)
	at org.testng.SuiteRunner.runSequentially(SuiteRunner.java:352)
	at org.testng.SuiteRunner.privateRun(SuiteRunner.java:310)
	at org.testng.SuiteRunner.run(SuiteRunner.java:259)
	at org.testng.SuiteRunnerWorker.runSuite(SuiteRunnerWorker.java:52)
	at org.testng.SuiteRunnerWorker.run(SuiteRunnerWorker.java:86)
	at org.testng.TestNG.runSuitesSequentially(TestNG.java:1185)
	at org.testng.TestNG.runSuitesLocally(TestNG.java:1110)
	at org.testng.TestNG.run(TestNG.java:1018)
	at org.testng.remote.AbstractRemoteTestNG.run(AbstractRemoteTestNG.java:132)
	at org.testng.remote.RemoteTestNG.initAndRun(RemoteTestNG.java:230)
	at org.testng.remote.RemoteTestNG.main(RemoteTestNG.java:76)
]]>
    </failure>
  </testcase> <!-- @BeforeTest setup -->
  <testcase name="@BeforeClass beforeclass" time="0.0" classname="LoginTest">
    <skipped/>
  </testcase> <!-- @BeforeClass beforeclass -->
  <testcase name="@AfterTest tearDown" time="0.0" classname="LoginTest">
    <skipped/>
  </testcase> <!-- @AfterTest tearDown -->
  <testcase name="login" time="0.004" classname="LoginTest">
    <skipped/>
  </testcase> <!-- login -->
  <testcase name="loginFail" time="0.001" classname="LoginTest">
    <skipped/>
  </testcase> <!-- loginFail -->
  <testcase name="loginFail" time="0.001" classname="LoginTest">
    <skipped/>
  </testcase> <!-- loginFail -->
</testsuite>
