<?xml version="1.0" encoding="UTF-8"?>
<!-- Generated by org.testng.reporters.JUnitXMLReporter -->
<testsuite hostname="KYB-PC" name="Default test" tests="1" failures="0" timestamp="29 Mar 2017 07:37:15 GMT" time="0.065" errors="0">
  <testcase name="@BeforeClass BeforeClass" time="0.0" classname="com.mushishi.appium.datadriver.TestSuiteByExcel">
    <failure type="org.testng.TestNGException" message="
Parameter &amp;apos;udid&amp;apos; is required by @Configuration on method BeforeClass but has not been marked @Optional or defined
in C:\Users\KYB\AppData\Local\Temp\testng-eclipse--1968156336\testng-customsuite.xml">
      <![CDATA[org.testng.TestNGException: 
Parameter 'udid' is required by @Configuration on method BeforeClass but has not been marked @Optional or defined
in C:\Users\KYB\AppData\Local\Temp\testng-eclipse--1968156336\testng-customsuite.xml
	at org.testng.internal.Parameters.createParameters(Parameters.java:154)
	at org.testng.internal.Parameters.createParameters(Parameters.java:361)
	at org.testng.internal.Parameters.createConfigurationParameters(Parameters.java:84)
	at org.testng.internal.Invoker.invokeConfigurations(Invoker.java:197)
	at org.testng.internal.Invoker.invokeConfigurations(Invoker.java:138)
	at org.testng.internal.TestMethodWorker.invokeBeforeClassMethods(TestMethodWorker.java:170)
	at org.testng.internal.TestMethodWorker.run(TestMethodWorker.java:104)
	at org.testng.TestRunner.privateRun(TestRunner.java:774)
	at org.testng.TestRunner.run(TestRunner.java:624)
	at org.testng.SuiteRunner.runTest(SuiteRunner.java:359)
	at org.testng.SuiteRunner.runSequentially(SuiteRunner.java:354)
	at org.testng.SuiteRunner.privateRun(SuiteRunner.java:312)
	at org.testng.SuiteRunner.run(SuiteRunner.java:261)
	at org.testng.SuiteRunnerWorker.runSuite(SuiteRunnerWorker.java:52)
	at org.testng.SuiteRunnerWorker.run(SuiteRunnerWorker.java:86)
	at org.testng.TestNG.runSuitesSequentially(TestNG.java:1191)
	at org.testng.TestNG.runSuitesLocally(TestNG.java:1116)
	at org.testng.TestNG.run(TestNG.java:1024)
	at org.testng.remote.RemoteTestNG.run(RemoteTestNG.java:112)
	at org.testng.remote.RemoteTestNG.initAndRun(RemoteTestNG.java:205)
	at org.testng.remote.RemoteTestNG.main(RemoteTestNG.java:176)
]]>
    </failure>
  </testcase> <!-- @BeforeClass BeforeClass -->
  <testcase name="@AfterClass afterClass" time="0.0" classname="com.mushishi.appium.datadriver.TestSuiteByExcel">
    <skipped/>
  </testcase> <!-- @AfterClass afterClass -->
  <testcase name="testTestSuite" time="0.003" classname="com.mushishi.appium.datadriver.TestSuiteByExcel">
    <skipped/>
  </testcase> <!-- testTestSuite -->
</testsuite> <!-- Default test -->
